<?xml version="1.0" encoding="UTF-8"?>
<!-- Generated by org.testng.reporters.JUnitReportReporter -->
<testsuite hostname="DESKTOP-4L4F65Q" failures="0" tests="1" name="Practice_testng.yt" time="6.039" errors="0" timestamp="2023-01-31T12:11:13 IST" skipped="0">
  <testcase classname="Practice_testng.yt" name="search" time="6.039"/>
  <system-out/>
</testsuite> <!-- Practice_testng.yt -->
