<?xml version="1.0" encoding="UTF-8"?>
<!-- Generated by org.testng.reporters.JUnitReportReporter -->
<testsuite hostname="DESKTOP-4L4F65Q" failures="0" tests="4" name="Practice_testng.ListElememt" time="115.680" errors="0" timestamp="2023-01-25T22:29:47 IST" skipped="0">
  <testcase classname="Practice_testng.ListElememt" name="signin" time="6.484"/>
  <system-out/>
  <testcase classname="Practice_testng.ListElememt" name="list" time="37.783"/>
  <system-out/>
  <testcase classname="Practice_testng.ListElememt" name="getText" time="7.118"/>
  <system-out/>
  <testcase classname="Practice_testng.ListElememt" name="gettext2" time="64.295"/>
  <system-out/>
</testsuite> <!-- Practice_testng.ListElememt -->
