<?xml version="1.0" encoding="UTF-8"?>
<!-- Generated by org.testng.reporters.JUnitReportReporter -->
<testsuite hostname="DESKTOP-4L4F65Q" failures="0" tests="4" name="Practice_testng.Soap2dayMoviesDownlod" time="22.423" errors="0" timestamp="2023-01-31T12:12:53 IST" skipped="2">
  <testcase classname="Practice_testng.Soap2dayMoviesDownlod" name="moviesearch" time="12.025"/>
  <system-out/>
  <testcase classname="Practice_testng.Soap2dayMoviesDownlod" name="playtest" time="10.398"/>
  <system-out/>
  <testcase classname="Practice_testng.Soap2dayMoviesDownlod" name="download">
    <skipped/>
  </testcase> <!-- download -->
  <system-out/>
  <testcase classname="Practice_testng.Soap2dayMoviesDownlod" name="verify">
    <skipped/>
  </testcase> <!-- verify -->
  <system-out/>
</testsuite> <!-- Practice_testng.Soap2dayMoviesDownlod -->
