<?xml version="1.0" encoding="UTF-8"?>
<!-- Generated by org.testng.reporters.JUnitReportReporter -->
<testsuite hostname="DESKTOP-4L4F65Q" failures="0" tests="2" name="Practice_testng.search_prduct" time="27.491" errors="0" timestamp="2023-01-04T17:38:58 IST" skipped="0">
  <testcase classname="Practice_testng.search_prduct" name="signin" time="6.391"/>
  <system-out/>
  <testcase classname="Practice_testng.search_prduct" name="Search_product" time="21.100"/>
  <system-out/>
</testsuite> <!-- Practice_testng.search_prduct -->
